[debug] [2023-03-25T23:22:52.023Z] ----------------------------------------------------------------------
[debug] [2023-03-25T23:22:52.024Z] Command:       C:\Program Files\nodejs\node.exe C:\Users\Lucas\AppData\Roaming\npm\node_modules\firebase-tools\lib\bin\firebase.js emulators:start
[debug] [2023-03-25T23:22:52.025Z] CLI Version:   11.25.1
[debug] [2023-03-25T23:22:52.025Z] Platform:      win32
[debug] [2023-03-25T23:22:52.025Z] Node Version:  v18.15.0
[debug] [2023-03-25T23:22:52.026Z] Time:          Sat Mar 25 2023 20:22:52 GMT-0300 (hora estándar de Argentina)
[debug] [2023-03-25T23:22:52.026Z] ----------------------------------------------------------------------
[debug] 
[debug] [2023-03-25T23:22:52.108Z] > command requires scopes: ["email","openid","https://www.googleapis.com/auth/cloudplatformprojects.readonly","https://www.googleapis.com/auth/firebase","https://www.googleapis.com/auth/cloud-platform"]
[debug] [2023-03-25T23:22:52.108Z] > authorizing via signed-in user (lukasm4a1@gmail.com)
[info] i  emulators: Starting emulators: hosting {"metadata":{"emulator":{"name":"hub"},"message":"Starting emulators: hosting"}}
[debug] [2023-03-25T23:22:52.117Z] [logging] Logging Emulator only supports listening on one address (127.0.0.1). Not listening on ::1
[debug] [2023-03-25T23:22:52.117Z] [hosting] Hosting Emulator only supports listening on one address (127.0.0.1). Not listening on ::1
[debug] [2023-03-25T23:22:52.118Z] assigned listening specs for emulators {"user":{"hub":[{"address":"127.0.0.1","family":"IPv4","port":4400},{"address":"::1","family":"IPv6","port":4400}],"logging":[{"address":"127.0.0.1","family":"IPv4","port":4500}],"hosting":[{"address":"127.0.0.1","family":"IPv4","port":5000}]},"metadata":{"message":"assigned listening specs for emulators"}}
[debug] [2023-03-25T23:22:52.125Z] [hub] writing locator at C:\Users\Lucas\AppData\Local\Temp\hub-portfoliolucasferreira.json
[debug] [2023-03-25T23:22:52.138Z] >>> [apiv2][query] GET https://firebasehosting.googleapis.com/v1beta1/projects/portfoliolucasferreira/sites 
[debug] [2023-03-25T23:22:53.313Z] <<< [apiv2][status] GET https://firebasehosting.googleapis.com/v1beta1/projects/portfoliolucasferreira/sites 200
[debug] [2023-03-25T23:22:53.313Z] <<< [apiv2][body] GET https://firebasehosting.googleapis.com/v1beta1/projects/portfoliolucasferreira/sites {"sites":[{"name":"projects/portfoliolucasferreira/sites/portfoliolucasferreira","defaultUrl":"https://portfoliolucasferreira.web.app","type":"DEFAULT_SITE"}]}
[debug] [2023-03-25T23:22:53.313Z] >>> [apiv2][query] GET https://firebase.googleapis.com/v1beta1/projects/portfoliolucasferreira/webApps/-/config [none]
[debug] [2023-03-25T23:22:53.934Z] <<< [apiv2][status] GET https://firebase.googleapis.com/v1beta1/projects/portfoliolucasferreira/webApps/-/config 403
[debug] [2023-03-25T23:22:53.934Z] <<< [apiv2][body] GET https://firebase.googleapis.com/v1beta1/projects/portfoliolucasferreira/webApps/-/config {"error":{"code":403,"message":"Project '645903529126' not found or permission denied.\ncom.google.api.tenant.error.TenantManagerException: Project '645903529126' not found or permission denied.","status":"PERMISSION_DENIED"}}
[debug] [2023-03-25T23:22:53.934Z] fetchWebSetup error: FirebaseError: HTTP Error: 403, Project '645903529126' not found or permission denied.
com.google.api.tenant.error.TenantManagerException: Project '645903529126' not found or permission denied.
[warn] !  hosting: Authentication error when trying to fetch your current web app configuration, have you run firebase login? 
[warn] !  hosting: Could not fetch web app configuration and there is no cached configuration on this machine. Check your internet connection and make sure you are authenticated. To continue, you must call firebase.initializeApp({...}) in your code before using Firebase. 
[debug] [2023-03-25T23:22:53.936Z] >>> [apiv2][query] GET https://firebase.googleapis.com/v1beta1/projects/portfoliolucasferreira [none]
[debug] [2023-03-25T23:22:54.711Z] <<< [apiv2][status] GET https://firebase.googleapis.com/v1beta1/projects/portfoliolucasferreira 200
[debug] [2023-03-25T23:22:54.711Z] <<< [apiv2][body] GET https://firebase.googleapis.com/v1beta1/projects/portfoliolucasferreira {"projectId":"portfoliolucasferreira","projectNumber":"645903529126","displayName":"portfoliolucasferreira","name":"projects/portfoliolucasferreira","resources":{"hostingSite":"portfoliolucasferreira"},"state":"ACTIVE","etag":"1_a00ab235-8758-402a-87ac-608922827d94"}
[info] i  hosting[portfoliolucasferreira]: Serving hosting files from: dist/porfolio-front-end {"metadata":{"emulator":{"name":"hosting"},"message":"Serving hosting files from: \u001b[1mdist/porfolio-front-end\u001b[22m"}}
[info] +  hosting[portfoliolucasferreira]: Local server: http://127.0.0.1:5000 {"metadata":{"emulator":{"name":"hosting"},"message":"Local server: \u001b[4m\u001b[1mhttp://127.0.0.1:5000\u001b[22m\u001b[24m"}}
[warn] !  emulators: The Emulator UI is not starting, either because none of the emulated products have an interaction layer in Emulator UI or it cannot determine the Project ID. Pass the --project flag to specify a project. {"metadata":{"emulator":{"name":"hub"},"message":"The Emulator UI is not starting, either because none of the emulated products have an interaction layer in Emulator UI or it cannot determine the Project ID. Pass the --project flag to specify a project."}}
[info] 
┌─────────────────────────────────────────────────────────────┐
│ ✔  All emulators ready! It is now safe to connect your app. │
└─────────────────────────────────────────────────────────────┘

┌──────────┬────────────────┐
│ Emulator │ Host:Port      │
├──────────┼────────────────┤
│ Hosting  │ 127.0.0.1:5000 │
└──────────┴────────────────┘
  Emulator Hub running at 127.0.0.1:4400
  Other reserved ports: 4500

Issues? Report them at https://github.com/firebase/firebase-tools/issues and attach the *-debug.log files.
 
